0 info it worked if it ends with ok
1 verbose cli [ '/home/alumno/n/bin/node',
1 verbose cli   '/home/alumno/n/bin/npm',
1 verbose cli   'run',
1 verbose cli   'start' ]
2 info using npm@2.15.0
3 info using node@v4.4.2
4 verbose run-script [ 'prestart', 'start', 'poststart' ]
5 info prestart juntossomosunbosque-app@0.0.1
6 info start juntossomosunbosque-app@0.0.1
7 verbose unsafe-perm in lifecycle true
8 info juntossomosunbosque-app@0.0.1 Failed to exec start script
9 verbose stack Error: juntossomosunbosque-app@0.0.1 start: `cd api;node index.js`
9 verbose stack Exit status 1
9 verbose stack     at EventEmitter.<anonymous> (/home/alumno/n/lib/node_modules/npm/lib/utils/lifecycle.js:217:16)
9 verbose stack     at emitTwo (events.js:87:13)
9 verbose stack     at EventEmitter.emit (events.js:172:7)
9 verbose stack     at ChildProcess.<anonymous> (/home/alumno/n/lib/node_modules/npm/lib/utils/spawn.js:24:14)
9 verbose stack     at emitTwo (events.js:87:13)
9 verbose stack     at ChildProcess.emit (events.js:172:7)
9 verbose stack     at maybeClose (internal/child_process.js:827:16)
9 verbose stack     at Process.ChildProcess._handle.onexit (internal/child_process.js:211:5)
10 verbose pkgid juntossomosunbosque-app@0.0.1
11 verbose cwd /home/alumno/github/JuntosSomosUnBosque
12 error Linux 3.16.0-4-amd64
13 error argv "/home/alumno/n/bin/node" "/home/alumno/n/bin/npm" "run" "start"
14 error node v4.4.2
15 error npm  v2.15.0
16 error code ELIFECYCLE
17 error juntossomosunbosque-app@0.0.1 start: `cd api;node index.js`
17 error Exit status 1
18 error Failed at the juntossomosunbosque-app@0.0.1 start script 'cd api;node index.js'.
18 error This is most likely a problem with the juntossomosunbosque-app package,
18 error not with npm itself.
18 error Tell the author that this fails on your system:
18 error     cd api;node index.js
18 error You can get information on how to open an issue for this project with:
18 error     npm bugs juntossomosunbosque-app
18 error Or if that isn't available, you can get their info via:
18 error
18 error     npm owner ls juntossomosunbosque-app
18 error There is likely additional logging output above.
19 verbose exit [ 1, true ]
